make all --print-data-base --no-builtin-variables --no-builtin-rules --question
# GNU Make 4.2.1
# Built for x86_64-pc-linux-gnu
# Copyright (C) 1988-2016 Free Software Foundation, Inc.
# License GPLv3+: GNU GPL version 3 or later <http://gnu.org/licenses/gpl.html>
# This is free software: you are free to change and redistribute it.
# There is NO WARRANTY, to the extent permitted by law.

# Make data base, printed on Sat May 14 17:01:33 2022

# Variables

# 'override' directive
GNUMAKEFLAGS := 
# automatic
<D = $(patsubst %/,%,$(dir $<))
# automatic
?F = $(notdir $?)
# environment
DESKTOP_SESSION = ubuntu
# default
.SHELLFLAGS := -c
# environment
XDG_SESSION_CLASS = user
 
# environment
XDG_SESSION_TYPE = x11
# environment
VSCODE_LOG_NATIVE = false
# automatic
?D = $(patsubst %/,%,$(dir $?))
# environment
IM_CONFIG_PHASE = 1
# automatic
@D = $(patsubst %/,%,$(dir $@))
# environment
XAUTHORITY = /run/user/1000/gdm/Xauthority
# environment
GDMSESSION = ubuntu
# environment
XMODIFIERS = @im=ibus
# makefile
CURDIR := /home/skhan/Assignments/CS204Project/ChampSim
# makefile
SHELL = /bin/sh
# environment
VSCODE_NLS_CONFIG = {"locale":"en-gb","availableLanguages":{},"_languagePackSupport":true}
# environment
_ = /usr/share/code/code
# makefile (from 'Makefile', line 30)
objects := obj/src/block.o obj/src/cache.o obj/src/AuxiliaryTagDirectory.o obj/src/uncore.o obj/src/ooo_cpu.o obj/src/main.o obj/src/dram_controller.o obj/branch/branch_predictor.o obj/replacement/llc_replacement.o obj/replacement/base_replacement.o obj/prefetcher/kpcp_util.o obj/prefetcher/l2c_prefetcher.o obj/prefetcher/l1i_prefetcher.o obj/prefetcher/l1d_prefetcher.o obj/prefetcher/llc_prefetcher.o
# environment
JOURNAL_STREAM = 8:47402
# environment
XDG_CONFIG_DIRS = /etc/xdg/xdg-ubuntu:/etc/xdg
# makefile (from 'Makefile', line 1)
MAKEFILE_LIST :=  Makefile
# automatic
@F = $(notdir $@)
# environment
GIO_LAUNCHED_DESKTOP_FILE = /usr/share/applications/code.desktop
# environment
USERNAME = skhan
# makefile (from 'Makefile', line 3)
srcExt = cc
# environment
XDG_DATA_DIRS = /usr/share/ubuntu:/usr/local/share/:/usr/share/:/var/lib/snapd/desktop
# environment
DBUS_SESSION_BUS_ADDRESS = unix:path=/run/user/1000/bus
# environment
VSCODE_VERBOSE_LOGGING = true
# environment
MANAGERPID = 1629
# environment
LESSOPEN = | /usr/bin/lesspipe %s
# environment
VSCODE_CWD = /home/skhan
# default
MAKE_HOST := x86_64-pc-linux-gnu
# environment
PATH = /usr/local/sbin:/usr/local/bin:/usr/sbin:/usr/bin:/sbin:/bin:/usr/games:/usr/local/games:/snap/bin
# environment
GPG_AGENT_INFO = /run/user/1000/gnupg/S.gpg-agent:0:1
# environment
SESSION_MANAGER = local/Lenovo-IdeaPad-Gaming-3-15IMH05:@/tmp/.ICE-unix/1847,unix/Lenovo-IdeaPad-Gaming-3-15IMH05:/tmp/.ICE-unix/1847
# environment
XDG_RUNTIME_DIR = /run/user/1000
# makefile (from 'Makefile', line 25)
libs := 
# makefile (from 'Makefile', line 29)
srcDirs := ./branch ./prefetcher ./src ./replacement ./scripts ./cvp_tracer
# makefile (from 'Makefile', line 20)
debug = -g
# makefile (from 'Makefile', line 1)
app = champsim
# environment
XDG_MENU_PREFIX = gnome-
# environment
VSCODE_LOG_STACK = false
# environment
ELECTRON_RUN_AS_NODE = 1
# environment
INVOCATION_ID = 7afa24ad16ac49ea86303fecbe04ab75
# default
.FEATURES := target-specific order-only second-expansion else-if shortest-stem undefine oneshell archives jobserver output-sync check-symlink load
# environment
LS_COLORS = 
# makefile (from 'Makefile', line 6)
binDir = bin
# environment
XDG_SESSION_DESKTOP = ubuntu
# environment
SSH_AUTH_SOCK = /run/user/1000/keyring/ssh
# environment
GIO_LAUNCHED_DESKTOP_FILE_PID = 2297
# automatic
%F = $(notdir $%)
# environment
DISPLAY = :0
# makefile (from 'Makefile', line 4)
srcDir = src branch replacement prefetcher
# environment
VSCODE_PIPE_LOGGING = true
# environment
PWD = /home/skhan/Assignments/CS204Project/ChampSim
# default
.LOADED := 
# makefile (from 'Makefile', line 27)
CFlags = -Wall -O3 -std=c++11 -c $(debug) $(inc) $(libDir) $(libs)
# environment
SSH_AGENT_PID = 1809
# environment
ORIGINAL_XDG_CURRENT_DESKTOP = ubuntu:GNOME
# makefile (from 'Makefile', line 26)
libDir := 
# environment
GTK_MODULES = gail:atk-bridge
# environment
VSCODE_AMD_ENTRYPOINT = vs/workbench/api/node/extensionHostProcess
# environment
HOME = /home/skhan
# environment
LESSCLOSE = /usr/bin/lesspipe %s %s
# environment
VSCODE_CODE_CACHE_PATH = /home/skhan/.config/Code/CachedData/57fd6d0195bb9b9d1b49f6da5db789060795de47
# environment
LOGNAME = skhan
# makefile (from 'Makefile', line 63)
make-repo =    for dir in $(srcDirs); do mkdir -p $(objDir)/$$dir; done
# environment
APPLICATION_INSIGHTS_NO_DIAGNOSTIC_CHANNEL = 1
# environment
VSCODE_HANDLES_UNCAUGHT_ERRORS = true
# environment
GNOME_DESKTOP_SESSION_ID = this-is-deprecated
# automatic
^D = $(patsubst %/,%,$(dir $^))
# environment
MAKELEVEL := 0
# default
MAKE = $(MAKE_COMMAND)
# default
MAKECMDGOALS := all
# environment
QT_IM_MODULE = ibus
# environment
SHLVL = 0
# makefile (from 'Makefile', line 33)
CC = $(CXX)
# environment
GNOME_SHELL_SESSION_MODE = ubuntu
# environment
VSCODE_IPC_HOOK_EXTHOST = /run/user/1000/vscode-ipc-242f684c-3370-447d-9470-7f5d6449b50e.sock
# default
MAKE_VERSION := 4.2.1
# environment
USER = skhan
# makefile (from 'Makefile', line 5)
objDir = obj
# makefile
.DEFAULT_GOAL := all
# environment
XDG_CURRENT_DESKTOP = Unity
# automatic
%D = $(patsubst %/,%,$(dir $%))
# default
MAKE_COMMAND := make
# default
.VARIABLES := 
# makefile (from 'Makefile', line 12)
LDFlags = 
# automatic
*F = $(notdir $*)
# environment
LANGUAGE = en_IN:en
# environment
VSCODE_IPC_HOOK = /run/user/1000/vscode-e0fd161b-1.67.0-main.sock
# makefile
MAKEFLAGS = pqrR
# environment
MFLAGS = -pqrR
# automatic
*D = $(patsubst %/,%,$(dir $*))
# automatic
+D = $(patsubst %/,%,$(dir $+))
# environment
GDK_BACKEND = x11
# automatic
+F = $(notdir $+)
# environment
QT_ACCESSIBILITY = 1
# 'override' directive
.SHELLSTATUS := 0
# default
MAKEFILES := 
# makefile (from 'Makefile', line 28)
sources := src/block.cc src/cache.cc src/AuxiliaryTagDirectory.cc src/uncore.cc src/ooo_cpu.cc src/main.cc src/dram_controller.cc branch/branch_predictor.cc replacement/llc_replacement.cc replacement/base_replacement.cc prefetcher/kpcp_util.cc prefetcher/l2c_prefetcher.cc prefetcher/l1i_prefetcher.cc prefetcher/l1d_prefetcher.cc prefetcher/llc_prefetcher.cc
# automatic
<F = $(notdir $<)
# makefile (from 'Makefile', line 72)
make-depend =   $(CC) -MM -MF $3 -MP -MT $2 $(CFlags) $1
# environment
LC_ALL = C
# environment
GJS_DEBUG_TOPICS = JS ERROR;JS LOG
# automatic
^F = $(notdir $^)
# default
SUFFIXES := 
# environment
CHROME_DESKTOP = code-url-handler.desktop
# environment
WINDOWPATH = 2
# default
.INCLUDE_DIRS = /usr/include /usr/local/include /usr/include
# environment
GJS_DEBUG_OUTPUT = stderr
# default
.RECIPEPREFIX := 
# makefile (from 'Makefile', line 24)
inc := -Iinc
# environment
LANG = C
# environment
VSCODE_PID = 2297
# variable set hash-table stats:
# Load=116/1024=11%, Rehash=0, Collisions=23/179=13%

# Pattern-specific Variable Values

# No pattern-specific variable values.

# Directories

# . (device 2051, inode 6969648): 31 files, no impossibilities.

# 31 files, no impossibilities in 1 directories.

# Implicit Rules

obj/%.o: %.cc
#  recipe to execute (from 'Makefile', line 49):
	@echo "Generating dependencies for $<..."
	@$(call make-depend,$<,$@,$(subst .o,.d,$@))
	@echo "Compiling $<..."
	@$(CC) $(CFlags) $< -o $@

# 1 implicit rules, 0 (0.0%) terminal.

# Files

# Not a target:
obj/src/dram_controller.o:
#  Implicit rule search has not been done.
#  Modification time never checked.
#  File has not been updated.

all: bin/champsim
#  Command line target.
#  Implicit rule search has been done.
#  File does not exist.
#  File has been updated.
#  Needs to be updated (-q is set).
# variable set hash-table stats:
# Load=0/32=0%, Rehash=0, Collisions=0/7=0%

# Not a target:
obj/prefetcher/l1i_prefetcher.o:
#  Implicit rule search has not been done.
#  Modification time never checked.
#  File has not been updated.

.phony: all clean distclean
#  Implicit rule search has not been done.
#  Modification time never checked.
#  File has not been updated.

distclean: clean
#  Implicit rule search has not been done.
#  Modification time never checked.
#  File has not been updated.
#  recipe to execute (from 'Makefile', line 58):
	$(RM) -r $(binDir)/$(app)

# Not a target:
obj/prefetcher/l2c_prefetcher.o:
#  Implicit rule search has not been done.
#  Modification time never checked.
#  File has not been updated.

# Not a target:
.SUFFIXES:
#  Implicit rule search has not been done.
#  Modification time never checked.
#  File has not been updated.

# Not a target:
Makefile:
#  Implicit rule search has been done.
 
#  Last modified 2022-04-08 08:38:16.432861
#  File has been updated.
#  Successfully updated.

# Not a target:
obj/prefetcher/llc_prefetcher.o:
#  Implicit rule search has not been done.
#  Modification time never checked.
#  File has not been updated.

# Not a target:
obj/src/block.o:
#  Implicit rule search has not been done.
#  Modification time never checked.
#  File has not been updated.

buildrepo:
#  Implicit rule search has not been done.
#  Implicit/static pattern stem: ''
#  File does not exist.
#  File has been updated.
#  Needs to be updated (-q is set).
# automatic
# @ := buildrepo
# automatic
# % := 
# automatic
# * := 
# automatic
# + := 
# automatic
# | := 
# automatic
# < := 
# automatic
# ^ := 
# automatic
# ? := 
# variable set hash-table stats:
# Load=8/32=25%, Rehash=0, Collisions=1/15=7%
#  recipe to execute (from 'Makefile', line 61):
	@$(call make-repo)

# Not a target:
obj/prefetcher/l1d_prefetcher.o:
#  Implicit rule search has not been done.
#  Modification time never checked.
#  File has not been updated.

# Not a target:
obj/replacement/base_replacement.o:
#  Implicit rule search has not been done.
#  Modification time never checked.
#  File has not been updated.

# Not a target:
obj/src/cache.o:
#  Implicit rule search has not been done.
#  Modification time never checked.
#  File has not been updated.

# Not a target:
obj/src/uncore.o:
#  Implicit rule search has not been done.
#  Modification time never checked.
#  File has not been updated.

# Not a target:
obj/src/ooo_cpu.o:
#  Implicit rule search has not been done.
#  Modification time never checked.
#  File has not been updated.

# Not a target:
.DEFAULT:
#  Implicit rule search has not been done.
#  Modification time never checked.
#  File has not been updated.

# Not a target:
obj/replacement/llc_replacement.o:
#  Implicit rule search has not been done.
#  Modification time never checked.
#  File has not been updated.

clean:
#  Implicit rule search has not been done.
#  Modification time never checked.
#  File has not been updated.
#  recipe to execute (from 'Makefile', line 55):
	$(RM) -r $(objDir)

# Not a target:
obj/src/AuxiliaryTagDirectory.o:
#  Implicit rule search has not been done.
#  Modification time never checked.
#  File has not been updated.

# Not a target:
obj/branch/branch_predictor.o:
#  Implicit rule search has not been done.
#  Modification time never checked.
#  File has not been updated.

# Not a target:
obj/prefetcher/kpcp_util.o:
#  Implicit rule search has not been done.
#  Modification time never checked.
#  File has not been updated.

bin/champsim: buildrepo obj/src/block.o obj/src/cache.o obj/src/AuxiliaryTagDirectory.o obj/src/uncore.o obj/src/ooo_cpu.o obj/src/main.o obj/src/dram_controller.o obj/branch/branch_predictor.o obj/replacement/llc_replacement.o obj/replacement/base_replacement.o obj/prefetcher/kpcp_util.o obj/prefetcher/l2c_prefetcher.o obj/prefetcher/l1i_prefetcher.o obj/prefetcher/l1d_prefetcher.o obj/prefetcher/llc_prefetcher.o
#  Implicit rule search has not been done.
#  File does not exist.
#  File has been updated.
#  Needs to be updated (-q is set).
# variable set hash-table stats:
# Load=0/32=0%, Rehash=0, Collisions=0/7=0%
#  recipe to execute (from 'Makefile', line 44):
	@mkdir -p `dirname $@`
	@echo "Linking $@..."
	@$(CC) $(objects) $(LDFlags) -o $@

# Not a target:
obj/src/main.o:
#  Implicit rule search has not been done.
#  Modification time never checked.
#  File has not been updated.

# files hash-table stats:
# Load=24/1024=2%, Rehash=0, Collisions=3/61=5%
# VPATH Search Paths

# No 'vpath' search paths.

# No general ('VPATH' variable) search path.

# strcache buffers: 1 (0) / strings = 58 / storage = 839 B / avg = 14 B
# current buf: size = 8162 B / used = 839 B / count = 58 / avg = 14 B

# strcache performance: lookups = 76 / hit rate = 23%
# hash-table stats:
# Load=58/8192=1%, Rehash=0, Collisions=2/76=3%
# Finished Make data base on Sat May 14 17:01:33 2022

 
